
Showing logs for build [32mcb-kubecd-bdd-ghfjxy-import-159-gvb64-1[0m stage [32mrun-make[0m and container [32mstep-credential-initializer-kn6nr[0m
{"level":"info","ts":1592797430.9099329,"logger":"fallback-logger","caller":"logging/config.go:69","msg":"Fetch GitHub commit ID from kodata failed: open /var/run/ko/refs/heads/0.8.0-ns-support: no such file or directory"}
{"level":"info","ts":1592797430.9106882,"logger":"fallback-logger","caller":"creds-init/main.go:40","msg":"Credentials initialized."}

Showing logs for build [32mcb-kubecd-bdd-ghfjxy-import-159-gvb64-1[0m stage [32mrun-make[0m and container [32mstep-working-dir-initializer-2zgh7[0m
{"level":"info","ts":1592797431.3672433,"logger":"fallback-logger","caller":"logging/config.go:69","msg":"Fetch GitHub commit ID from kodata failed: open /var/run/ko/HEAD: no such file or directory"}
{"level":"info","ts":1592797431.3791342,"logger":"fallback-logger","caller":"bash/main.go:64","msg":"Successfully executed command \"sh -c mkdir -p /workspace/source\"; output "}

Showing logs for build [32mcb-kubecd-bdd-ghfjxy-import-159-gvb64-1[0m stage [32mrun-make[0m and container [32mstep-place-tools[0m

Showing logs for build [32mcb-kubecd-bdd-ghfjxy-import-159-gvb64-1[0m stage [32mrun-make[0m and container [32mstep-create-dir-workspace-wjt6c[0m
{"level":"info","ts":1592797437.6357245,"logger":"fallback-logger","caller":"logging/config.go:69","msg":"Fetch GitHub commit ID from kodata failed: open /var/run/ko/HEAD: no such file or directory"}
{"level":"info","ts":1592797437.6405194,"logger":"fallback-logger","caller":"bash/main.go:64","msg":"Successfully executed command \"sh -c mkdir -p source\"; output "}

Showing logs for build [32mcb-kubecd-bdd-ghfjxy-import-159-gvb64-1[0m stage [32mrun-make[0m and container [32mstep-git-source-cb-kubecd-bdd-ghfjxy-import-159-gvb64-mlt2z[0m
{"level":"info","ts":1592797437.9582489,"logger":"fallback-logger","caller":"logging/config.go:69","msg":"Fetch GitHub commit ID from kodata failed: open /var/run/ko/refs/heads/0.8.0-ns-support: no such file or directory"}
{"level":"info","ts":1592797439.0186841,"logger":"fallback-logger","caller":"git/git.go:103","msg":"Successfully cloned https://github.com/cb-kubecd/bdd-ghf**y-import-1592796122.git @ v0.0.1 in path /workspace/source"}

Showing logs for build [32mcb-kubecd-bdd-ghfjxy-import-159-gvb64-1[0m stage [32mrun-make[0m and container [32mstep-git-merge[0m
Using SHAs from PULL_REFS=master:b7656def8c3c2683e553fab35e9804f01299dd1c
WARNING: no SHAs to merge, falling back to initial cloned commit

Showing logs for build [32mcb-kubecd-bdd-ghfjxy-import-159-gvb64-1[0m stage [32mrun-make[0m and container [32mstep-setup-jx-git-credentials[0m
Generated Git credentials file /workspace/xdg_config/git/credentials

Showing logs for build [32mcb-kubecd-bdd-ghfjxy-import-159-gvb64-1[0m stage [32mrun-make[0m and container [32mstep-build-make-build[0m
CGO_ENABLED=0 GO15VENDOREXPERIMENT=1 go build -ldflags '' -o bin/bdd-ghf**y-import-1592796122 main.go

Showing logs for build [32mcb-kubecd-bdd-ghfjxy-import-159-gvb64-1[0m stage [32mrun-make[0m and container [32mstep-source-mkdir-cb-kubecd-bdd-ghfjxy-import-159-gvb64-s7tbj[0m
{"level":"info","ts":1592797452.3470452,"logger":"fallback-logger","caller":"logging/config.go:69","msg":"Fetch GitHub commit ID from kodata failed: open /var/run/ko/HEAD: no such file or directory"}
{"level":"info","ts":1592797452.4035666,"logger":"fallback-logger","caller":"bash/main.go:64","msg":"Successfully executed command \"sh -c mkdir -p /pvc/run-make/workspace\"; output "}

Showing logs for build [32mcb-kubecd-bdd-ghfjxy-import-159-gvb64-1[0m stage [32mrun-make[0m and container [32mstep-source-copy-cb-kubecd-bdd-ghfjxy-import-159-gvb64-5c5vf[0m
{"level":"info","ts":1592797452.596392,"logger":"fallback-logger","caller":"logging/config.go:69","msg":"Fetch GitHub commit ID from kodata failed: open /var/run/ko/HEAD: no such file or directory"}
{"level":"info","ts":1592797452.653225,"logger":"fallback-logger","caller":"bash/main.go:64","msg":"Successfully executed command \"sh -c cp -r source/. /pvc/run-make/workspace\"; output "}

Showing logs for build [32mcb-kubecd-bdd-ghfjxy-import-159-gvb64-1[0m stage [32meverything-else[0m and container [32mstep-credential-initializer-tdt2l[0m
{"level":"info","ts":1592797456.5218537,"logger":"fallback-logger","caller":"logging/config.go:69","msg":"Fetch GitHub commit ID from kodata failed: open /var/run/ko/refs/heads/0.8.0-ns-support: no such file or directory"}
{"level":"info","ts":1592797456.5224578,"logger":"fallback-logger","caller":"creds-init/main.go:40","msg":"Credentials initialized."}

Showing logs for build [32mcb-kubecd-bdd-ghfjxy-import-159-gvb64-1[0m stage [32meverything-else[0m and container [32mstep-working-dir-initializer-2llhh[0m
{"level":"info","ts":1592797457.549758,"logger":"fallback-logger","caller":"logging/config.go:69","msg":"Fetch GitHub commit ID from kodata failed: open /var/run/ko/HEAD: no such file or directory"}
{"level":"info","ts":1592797457.5546637,"logger":"fallback-logger","caller":"bash/main.go:64","msg":"Successfully executed command \"sh -c mkdir -p /workspace/source\"; output "}

Showing logs for build [32mcb-kubecd-bdd-ghfjxy-import-159-gvb64-1[0m stage [32meverything-else[0m and container [32mstep-place-tools[0m

Showing logs for build [32mcb-kubecd-bdd-ghfjxy-import-159-gvb64-1[0m stage [32meverything-else[0m and container [32mstep-create-dir-workspace-bb6wd[0m
{"level":"info","ts":1592797466.872597,"logger":"fallback-logger","caller":"logging/config.go:69","msg":"Fetch GitHub commit ID from kodata failed: open /var/run/ko/HEAD: no such file or directory"}
{"level":"info","ts":1592797466.8747983,"logger":"fallback-logger","caller":"bash/main.go:64","msg":"Successfully executed command \"sh -c mkdir -p /workspace/source\"; output "}

Showing logs for build [32mcb-kubecd-bdd-ghfjxy-import-159-gvb64-1[0m stage [32meverything-else[0m and container [32mstep-source-copy-workspace-nqtn7[0m
{"level":"info","ts":1592797467.2089682,"logger":"fallback-logger","caller":"logging/config.go:69","msg":"Fetch GitHub commit ID from kodata failed: open /var/run/ko/HEAD: no such file or directory"}
{"level":"info","ts":1592797467.3332005,"logger":"fallback-logger","caller":"bash/main.go:64","msg":"Successfully executed command \"sh -c cp -r /pvc/run-make/workspace/. /workspace/source\"; output "}

Showing logs for build [32mcb-kubecd-bdd-ghfjxy-import-159-gvb64-1[0m stage [32meverything-else[0m and container [32mstep-build-container-build[0m
[36mINFO[0m[0000] No base image, nothing to extract            
[36mINFO[0m[0000] cmd: EXPOSE                                  
[36mINFO[0m[0000] Adding exposed port: 8080/tcp                
[36mINFO[0m[0000] Using files from context: [/workspace/source/bin] 
[36mINFO[0m[0000] Skipping unpacking as no commands require it. 
[36mINFO[0m[0000] Taking snapshot of full filesystem...        
[36mINFO[0m[0000] EXPOSE 8080                                  
[36mINFO[0m[0000] cmd: EXPOSE                                  
[36mINFO[0m[0000] Adding exposed port: 8080/tcp                
[36mINFO[0m[0000] No files changed in this command, skipping snapshotting. 
[36mINFO[0m[0000] ENTRYPOINT ["/bdd-ghf**y-import-1592796122"] 
[36mINFO[0m[0000] No files changed in this command, skipping snapshotting. 
[36mINFO[0m[0000] Using files from context: [/workspace/source/bin] 
[36mINFO[0m[0000] COPY ./bin/ /                                
[36mINFO[0m[0000] Taking snapshot of files...                  
2020/06/22 03:44:31 pushed blob: sha256:9be075c9a258fa59fe7712107e37ce545fa32972ec72edafee10d634812b850b
2020/06/22 03:44:32 pushed blob: sha256:1d9564ed92a60a57ebec97cba2d6ea73387d09f3b00cfd6daa50dc76abe02a15
2020/06/22 03:44:33 gcr.io/jenkins-x-bdd3/bdd-ghf**y-import-1592796122:0.0.1: digest: sha256:6fd98095100f8f0056dac58877efbeffcb788b530b07508ab92532217d9b3546 size: 428

Showing logs for build [32mcb-kubecd-bdd-ghfjxy-import-159-gvb64-1[0m stage [32meverything-else[0m and container [32mstep-build-post-build[0m
no CVE provider running in the current ** namespace so skip adding image to be analysed

Showing logs for build [32mcb-kubecd-bdd-ghfjxy-import-159-gvb64-1[0m stage [32meverything-else[0m and container [32mstep-promote-changelog[0m
Converted /workspace/source to an unshallow repository
Generating change log from git ref 78440829a077c7fb72d0b9fb61846bdbb0fd128e => a654b5b5ab3bc961b66edaae0436184fb7769c36
Associating user x-0 in users.jenkins.io with email c**d-bot@cloudbees.com to git GitProvider user with login -0 as emails match
Adding label jenkins.io/git-github-userid=-0 to user x-0 in users.jenkins.io
WARNING: Failed to enrich commit b7656def8c3c2683e553fab35e9804f01299dd1c with issues: User.jenkins.io "x-0" is invalid: metadata.labels: Invalid value: "-0": a valid label must be an empty string or consist of alphanumeric characters, '-', '_' or '.', and must start and end with an alphanumeric character (e.g. 'MyValue',  or 'my_value',  or '12345', regex used for validation is '(([A-Za-z0-9][-A-Za-z0-9_.]*)?[A-Za-z0-9])?')
Associating user x-0 in users.jenkins.io with email c**d-bot@cloudbees.com to git GitProvider user with login -0 as emails match
Adding label jenkins.io/git-github-userid=-0 to user x-0 in users.jenkins.io
WARNING: Failed to enrich commit b7656def8c3c2683e553fab35e9804f01299dd1c with issues: User.jenkins.io "x-0" is invalid: metadata.labels: Invalid value: "-0": a valid label must be an empty string or consist of alphanumeric characters, '-', '_' or '.', and must start and end with an alphanumeric character (e.g. 'MyValue',  or 'my_value',  or '12345', regex used for validation is '(([A-Za-z0-9][-A-Za-z0-9_.]*)?[A-Za-z0-9])?')
Finding issues in commit messages using git format
WARNING: No release found for cb-kubecd/bdd-ghf**y-import-1592796122 and tag v0.0.1 so creating a new release
Updated the release information at https://github.com/cb-kubecd/bdd-ghf**y-import-1592796122/releases/tag/v0.0.1
generated: /workspace/source/charts/bdd-ghf**y-import-1592796122/templates/release.yaml
Created Release bdd-ghf**y-import-1592796122-0-0-1 resource in namespace **
Updating PipelineActivity cb-kubecd-bdd-ghf**y-import-1592796122-master-1 with version 0.0.1
Updated PipelineActivities cb-kubecd-bdd-ghf**y-import-1592796122-master-1 with release notes URL: https://github.com/cb-kubecd/bdd-ghf**y-import-1592796122/releases/tag/v0.0.1

Showing logs for build [32mcb-kubecd-bdd-ghfjxy-import-159-gvb64-1[0m stage [32meverything-else[0m and container [32mstep-promote-helm-release[0m
WARNING: No $CHART_REPOSITORY defined so using the default value of: http://jenkins-x-chartmuseum:8080
Adding missing Helm repo: storage.googleapis.com https://storage.googleapis.com/chartmuseum.jenkins-x.io
WARNING: No secrets found on "helm/repos" due: reading the secret "helm/repos" from vault: no secret "helm/repos" not found in vault
Read credentials for https://storage.googleapis.com/chartmuseum.jenkins-x.io from vault helm/repos
Successfully added Helm repository storage.googleapis.com.
Adding missing Helm repo: jenkins-x-chartmuseum http://jenkins-x-chartmuseum:8080
WARNING: No secrets found on "helm/repos" due: reading the secret "helm/repos" from vault: no secret "helm/repos" not found in vault
Read credentials for http://jenkins-x-chartmuseum:8080 from vault helm/repos
Successfully added Helm repository jenkins-x-chartmuseum.
WARNING: No $CHART_REPOSITORY defined so using the default value of: http://jenkins-x-chartmuseum:8080
Uploading chart file bdd-ghf**y-import-1592796122-0.0.1.tgz to http://jenkins-x-chartmuseum:8080/api/charts
Received 201 response: {"saved":true}

Showing logs for build [32mcb-kubecd-bdd-ghfjxy-import-159-gvb64-1[0m stage [32meverything-else[0m and container [32mstep-promote-jx-promote[0m
WARNING: prow based install so skip waiting for the merge of Pull Requests to go green as currently there is an issue with gettingstatuses from the PR, see https://github.com/jenkins-x/**/issues/2410
WARNING: No $CHART_REPOSITORY defined so using the default value of: http://jenkins-x-chartmuseum:8080
Promoting app bdd-ghf**y-import-1592796122 version 0.0.1 to namespace **-staging
Created Pull Request: https://github.com/cb-kubecd/environment-pr-240-9-boot-gke-staging/pull/7
Added label updatebot to Pull Request https://github.com/cb-kubecd/environment-pr-240-9-boot-gke-staging/pull/7
got git provider status pending from PR https://github.com/cb-kubecd/environment-pr-240-9-boot-gke-staging/pull/7
got git provider status pending from PR https://github.com/cb-kubecd/environment-pr-240-9-boot-gke-staging/pull/7
got git provider status pending from PR https://github.com/cb-kubecd/environment-pr-240-9-boot-gke-staging/pull/7
got git provider status pending from PR https://github.com/cb-kubecd/environment-pr-240-9-boot-gke-staging/pull/7
got git provider status pending from PR https://github.com/cb-kubecd/environment-pr-240-9-boot-gke-staging/pull/7
got git provider status pending from PR https://github.com/cb-kubecd/environment-pr-240-9-boot-gke-staging/pull/7
Pull Request https://github.com/cb-kubecd/environment-pr-240-9-boot-gke-staging/pull/7 is merged at sha 703366ee9039413c3faf4b622c118ae34540937c
Pull Request merged but we are not waiting for the update pipeline to complete!
WARNING: Could not find the service URL in namespace **-staging for names bdd-ghf**y-import-1592796122, **-bdd-ghf**y-import-1592796122, **-staging-bdd-ghf**y-import-1592796122
